<?xml version="1.0" encoding="UTF-8"?>
<!-- Generated by org.testng.reporters.JUnitReportReporter -->
<testsuite skipped="0" hostname="DESKTOP-FEJ2M74" name="TestProject_Maven.TestProject_Maven.TestingNewClass" tests="2" failures="0" timestamp="26 Apr 2020 16:38:57 GMT" time="44.578" errors="0">
  <testcase name="GoogleLaunchTest" time="23.708" classname="TestProject_Maven.TestProject_Maven.TestingNewClass"/>
  <testcase name="FacebookLaunchTest" time="20.870" classname="TestProject_Maven.TestProject_Maven.TestingNewClass"/>
</testsuite> <!-- TestProject_Maven.TestProject_Maven.TestingNewClass -->
