<?xml version="1.0" encoding="UTF-8"?>
<!-- Generated by org.testng.reporters.JUnitReportReporter -->
<testsuite skipped="0" hostname="DESKTOP-FEJ2M74" name="TestProject_Maven.TestProject_Maven.ParallelMethodTest" tests="3" failures="0" timestamp="25 Apr 2020 14:34:48 GMT" time="0.022" errors="0">
  <testcase name="testMethodsOne" time="0.008" classname="TestProject_Maven.TestProject_Maven.ParallelMethodTest"/>
  <testcase name="testMethodsTwo" time="0.004" classname="TestProject_Maven.TestProject_Maven.ParallelMethodTest"/>
  <testcase name="testMethodsThree" time="0.010" classname="TestProject_Maven.TestProject_Maven.ParallelMethodTest"/>
</testsuite> <!-- TestProject_Maven.TestProject_Maven.ParallelMethodTest -->
