<?xml version="1.0" encoding="UTF-8"?>
<!-- Generated by org.testng.reporters.JUnitReportReporter -->
<testsuite skipped="0" hostname="DESKTOP-FEJ2M74" name="TestProject_Maven.TestProject_Maven.GoogleLaunchTest" tests="2" failures="0" timestamp="2020-04-25T19:38:52 IST" time="35.015" errors="0">
  <testcase name="FacebookLaunchTest" time="25.161" classname="TestProject_Maven.TestProject_Maven.GoogleLaunchTest"/>
  <system-out/>
  <testcase name="GoogleLaunchTest" time="9.854" classname="TestProject_Maven.TestProject_Maven.GoogleLaunchTest"/>
  <system-out/>
</testsuite> <!-- TestProject_Maven.TestProject_Maven.GoogleLaunchTest -->
