<?xml version="1.0" encoding="UTF-8"?>
<!-- Generated by org.testng.reporters.JUnitReportReporter -->
<testsuite skipped="0" hostname="DESKTOP-FEJ2M74" name="TestProject_Maven.TestProject_Maven.ReportingTest" tests="1" failures="0" timestamp="26 Apr 2020 16:38:57 GMT" time="0.015" errors="0">
  <testcase name="f" time="0.015" classname="TestProject_Maven.TestProject_Maven.ReportingTest"/>
</testsuite> <!-- TestProject_Maven.TestProject_Maven.ReportingTest -->
