<?xml version="1.0" encoding="UTF-8"?>
<!-- Generated by org.testng.reporters.JUnitReportReporter -->
<testsuite skipped="0" hostname="DESKTOP-FEJ2M74" name="TestProject_Maven.TestProject_Maven.SauceLabsConnectionTest" tests="2" failures="0" timestamp="26 Apr 2020 15:40:08 GMT" time="38.796" errors="0">
  <testcase name="TestChrome" time="11.939" classname="TestProject_Maven.TestProject_Maven.SauceLabsConnectionTest"/>
  <testcase name="TestSafari" time="26.857" classname="TestProject_Maven.TestProject_Maven.SauceLabsConnectionTest"/>
</testsuite> <!-- TestProject_Maven.TestProject_Maven.SauceLabsConnectionTest -->
