<?xml version="1.0" encoding="UTF-8"?>
<!-- Generated by org.testng.reporters.JUnitReportReporter -->
<testsuite skipped="0" hostname="DESKTOP-FEJ2M74" name="TestProject_Maven.TestProject_Maven.GoogleLaunchTest_WithSauceLabs" tests="2" failures="0" timestamp="26 Apr 2020 14:17:30 GMT" time="53.474" errors="0">
  <testcase name="GoogleLaunchTest" time="22.575" classname="TestProject_Maven.TestProject_Maven.GoogleLaunchTest_WithSauceLabs"/>
  <testcase name="FacebookLaunchTest" time="30.899" classname="TestProject_Maven.TestProject_Maven.GoogleLaunchTest_WithSauceLabs"/>
</testsuite> <!-- TestProject_Maven.TestProject_Maven.GoogleLaunchTest_WithSauceLabs -->
