<?xml version="1.0" encoding="UTF-8"?>
<!-- Generated by org.testng.reporters.JUnitReportReporter -->
<testsuite skipped="0" hostname="DESKTOP-FEJ2M74" name="SauceLabsTest.GoogleLaunchTest_WithSauceLabs" tests="2" failures="0" timestamp="26 Apr 2020 15:43:57 GMT" time="51.515" errors="0">
  <testcase name="GoogleLaunchTest" time="25.638" classname="SauceLabsTest.GoogleLaunchTest_WithSauceLabs"/>
  <testcase name="FacebookLaunchTest" time="25.877" classname="SauceLabsTest.GoogleLaunchTest_WithSauceLabs"/>
</testsuite> <!-- SauceLabsTest.GoogleLaunchTest_WithSauceLabs -->
