<?xml version="1.0" encoding="UTF-8"?>
<!-- Generated by org.testng.reporters.JUnitReportReporter -->
<testsuite skipped="0" hostname="DESKTOP-FEJ2M74" name="TestProject_Maven.TestProject_Maven.ParallelMethodTest" tests="5" failures="0" timestamp="26 Apr 2020 15:40:08 GMT" time="0.016" errors="0">
  <testcase name="testMethodsThree" time="0.003" classname="TestProject_Maven.TestProject_Maven.ParallelMethodTest"/>
  <testcase name="testMethodsOne" time="0.002" classname="TestProject_Maven.TestProject_Maven.ParallelMethodTest"/>
  <testcase name="testMethodsTwo" time="0.002" classname="TestProject_Maven.TestProject_Maven.ParallelMethodTest"/>
  <testcase name="testMethodsFive" time="0.007" classname="TestProject_Maven.TestProject_Maven.ParallelMethodTest"/>
  <testcase name="testMethodsFour" time="0.002" classname="TestProject_Maven.TestProject_Maven.ParallelMethodTest"/>
</testsuite> <!-- TestProject_Maven.TestProject_Maven.ParallelMethodTest -->
