<?xml version="1.0" encoding="UTF-8"?>
<!-- Generated by org.testng.reporters.JUnitReportReporter -->
<testsuite skipped="0" hostname="DESKTOP-FEJ2M74" name="SauceLabsConnectionTest" tests="2" failures="0" timestamp="26 Apr 2020 13:28:58 GMT" time="32.844" errors="0">
  <testcase name="TestSafari" time="17.998" classname="SauceLabsConnectionTest"/>
  <testcase name="TestChrome" time="14.846" classname="SauceLabsConnectionTest"/>
</testsuite> <!-- SauceLabsConnectionTest -->
